Build started 11/07/2015 14:18:56.
     1>Project "C:\Users\Jose\Desktop\youth calcultor\youth calcultor\youth calcultor.vcxproj" on node 2 (Build target(s)).
     1>ClCompile:
         C:\Program Files (x86)\Microsoft Visual Studio 12.0\VC\bin\CL.exe /c /ZI /nologo /W3 /WX- /sdl /Od /Oy- /D _MBCS /Gm /EHsc /RTC1 /MDd /GS /fp:precise /Zc:wchar_t /Zc:forScope /Fo"Debug\\" /Fd"Debug\vc120.pdb" /Gd /TP /analyze- /errorReport:prompt "youth calculator.cpp"
         youth calculator.cpp
     1>c:\users\jose\desktop\youth calcultor\youth calcultor\youth calculator.cpp(9): error C4700: uninitialized local variable 'age' used
     1>Done Building Project "C:\Users\Jose\Desktop\youth calcultor\youth calcultor\youth calcultor.vcxproj" (Build target(s)) -- FAILED.

Build FAILED.

Time Elapsed 00:00:01.03
